This is XeTeX, Version 3.14159265-2.6-0.99992 (TeX Live 2015/Debian) (preloaded format=xelatex 2017.5.23)  14 JUN 2017 13:41
entering extended mode
 restricted \write18 enabled.
 %&-line parsing enabled.
**/home/tim/code/tex/irm/tex_project/irm_w2l_nohyper.tex
(/home/tim/code/tex/irm/tex_project/irm_w2l_nohyper.tex
LaTeX2e <2016/02/01>
Babel <3.9q> and hyphenation patterns for 81 language(s) loaded.
(/home/tim/code/tex/irm/tex_project/kursa4.cls
Document Class: kursa4 
(/usr/share/texlive/texmf-dist/tex/latex/extsizes/extbook.cls
Document Class: extbook 1999/01/07 v1.4a NON-Standard LaTeX document class
(/usr/share/texlive/texmf-dist/tex/latex/extsizes/size14.clo
File: size14.clo 1999/11/11 v1.4a NON-Standard LaTeX file (size option)
) (/usr/share/texlive/texmf-dist/tex/latex/base/exscale.sty
Package: exscale 2014/09/29 v2.1h Standard LaTeX package exscale
LaTeX Font Info:    Redeclaring symbol font `largesymbols' on input line 57.
LaTeX Font Info:    Overwriting symbol font `largesymbols' in version `normal'
(Font)                  OMX/cmex/m/n --> OMX/cmex/m/n on input line 57.
LaTeX Font Info:    Overwriting symbol font `largesymbols' in version `bold'
(Font)                  OMX/cmex/m/n --> OMX/cmex/m/n on input line 57.
\big@size=\dimen102
)
\c@part=\count79
\c@chapter=\count80
\c@section=\count81
\c@subsection=\count82
\c@subsubsection=\count83
\c@paragraph=\count84
\c@subparagraph=\count85
\c@figure=\count86
\c@table=\count87
\abovecaptionskip=\skip41
\belowcaptionskip=\skip42
\bibindent=\dimen103
) (/usr/share/texlive/texmf-dist/tex/latex/xltxtra/xltxtra.sty
Package: xltxtra 2016/01/21 v0.6 Improvements for the "XeLaTeX" format
(/usr/share/texlive/texmf-dist/tex/generic/oberdiek/ifluatex.sty
Package: ifluatex 2010/03/01 v1.3 Provides the ifluatex switch (HO)
Package ifluatex Info: LuaTeX not detected.
) (/usr/share/texlive/texmf-dist/tex/generic/ifxetex/ifxetex.sty
Package: ifxetex 2010/09/12 v0.6 Provides ifxetex conditional
) (/usr/share/texlive/texmf-dist/tex/latex/fontspec/fontspec.sty (/usr/share/te
xlive/texmf-dist/tex/latex/l3kernel/expl3.sty
Package: expl3 2016/01/19 v6377 L3 programming layer (loader) 
(/usr/share/texlive/texmf-dist/tex/latex/l3kernel/expl3-code.tex
Package: expl3 2016/01/19 v6377 L3 programming layer (code)
L3 Module: l3bootstrap 2016/01/01 v6339 L3 Bootstrap code
L3 Module: l3names 2015/12/21 v6328 L3 Namespace for primitives
L3 Module: l3basics 2015/11/22 v6315 L3 Basic definitions
L3 Module: l3expan 2015/09/10 v5983 L3 Argument expansion
L3 Module: l3tl 2015/09/29 v6121 L3 Token lists
L3 Module: l3str 2016/01/03 v6357 L3 Strings
L3 Module: l3seq 2015/08/05 v5777 L3 Sequences and stacks
L3 Module: l3int 2016/01/05 v6366 L3 Integers
\c_max_int=\count88
\l_tmpa_int=\count89
\l_tmpb_int=\count90
\g_tmpa_int=\count91
\g_tmpb_int=\count92
L3 Module: l3quark 2015/08/17 v5855 L3 Quarks
L3 Module: l3prg 2015/11/01 v6216 L3 Control structures
\g__prg_map_int=\count93
L3 Module: l3clist 2015/09/02 v5901 L3 Comma separated lists
L3 Module: l3token 2015/11/11 v6249 L3 Experimental token manipulation
L3 Module: l3prop 2016/01/05 v6366 L3 Property lists
L3 Module: l3msg 2015/09/28 v6113 L3 Messages
L3 Module: l3file 2015/12/03 v6317 L3 File and I/O operations
\l_iow_line_count_int=\count94
\l__iow_target_count_int=\count95
\l__iow_current_line_int=\count96
\l__iow_current_word_int=\count97
\l__iow_current_indentation_int=\count98
L3 Module: l3skip 2016/01/05 v6366 L3 Dimensions and skips
\c_zero_dim=\dimen104
\c_max_dim=\dimen105
\l_tmpa_dim=\dimen106
\l_tmpb_dim=\dimen107
\g_tmpa_dim=\dimen108
\g_tmpb_dim=\dimen109
\c_zero_skip=\skip43
\c_max_skip=\skip44
\l_tmpa_skip=\skip45
\l_tmpb_skip=\skip46
\g_tmpa_skip=\skip47
\g_tmpb_skip=\skip48
\c_zero_muskip=\muskip10
\c_max_muskip=\muskip11
\l_tmpa_muskip=\muskip12
\l_tmpb_muskip=\muskip13
\g_tmpa_muskip=\muskip14
\g_tmpb_muskip=\muskip15
L3 Module: l3keys 2015/11/17 v6284 L3 Key-value interfaces
\g__keyval_level_int=\count99
\l_keys_choice_int=\count100
L3 Module: l3fp 2015/08/25 v5890 L3 Floating points
\c__fp_leading_shift_int=\count101
\c__fp_middle_shift_int=\count102
\c__fp_trailing_shift_int=\count103
\c__fp_big_leading_shift_int=\count104
\c__fp_big_middle_shift_int=\count105
\c__fp_big_trailing_shift_int=\count106
\c__fp_Bigg_leading_shift_int=\count107
\c__fp_Bigg_middle_shift_int=\count108
\c__fp_Bigg_trailing_shift_int=\count109
L3 Module: l3box 2015/08/09 v5822 L3 Experimental boxes
\c_empty_box=\box26
\l_tmpa_box=\box27
\l_tmpb_box=\box28
\g_tmpa_box=\box29
\g_tmpb_box=\box30
L3 Module: l3coffins 2015/08/06 v5789 L3 Coffin code layer
\l__coffin_internal_box=\box31
\l__coffin_internal_dim=\dimen110
\l__coffin_offset_x_dim=\dimen111
\l__coffin_offset_y_dim=\dimen112
\l__coffin_x_dim=\dimen113
\l__coffin_y_dim=\dimen114
\l__coffin_x_prime_dim=\dimen115
\l__coffin_y_prime_dim=\dimen116
\c_empty_coffin=\box32
\l__coffin_aligned_coffin=\box33
\l__coffin_aligned_internal_coffin=\box34
\l_tmpa_coffin=\box35
\l_tmpb_coffin=\box36
\l__coffin_display_coffin=\box37
\l__coffin_display_coord_coffin=\box38
\l__coffin_display_pole_coffin=\box39
\l__coffin_display_offset_dim=\dimen117
\l__coffin_display_x_dim=\dimen118
\l__coffin_display_y_dim=\dimen119
L3 Module: l3color 2014/08/23 v5354 L3 Experimental color support
L3 Module: l3sys 2015/09/25 v6087 L3 Experimental system/runtime functions
L3 Module: l3candidates 2016/01/14 v6376 L3 Experimental additions to l3kernel
\l__box_top_dim=\dimen120
\l__box_bottom_dim=\dimen121
\l__box_left_dim=\dimen122
\l__box_right_dim=\dimen123
\l__box_top_new_dim=\dimen124
\l__box_bottom_new_dim=\dimen125
\l__box_left_new_dim=\dimen126
\l__box_right_new_dim=\dimen127
\l__box_internal_box=\box40
\l__coffin_bounding_shift_dim=\dimen128
\l__coffin_left_corner_dim=\dimen129
\l__coffin_right_corner_dim=\dimen130
\l__coffin_bottom_corner_dim=\dimen131
\l__coffin_top_corner_dim=\dimen132
\l__coffin_scaled_total_height_dim=\dimen133
\l__coffin_scaled_width_dim=\dimen134
L3 Module: l3luatex 2015/11/11 v6250 L3 Experimental LuaTeX-specific functions
) (/usr/share/texlive/texmf-dist/tex/latex/l3kernel/l3xdvipdfmx.def
File: l3xdvidpfmx.def 2015/11/11 v6250 L3 Experimental driver: xdvipdfmx
)) (/usr/share/texlive/texmf-dist/tex/latex/l3packages/xparse/xparse.sty
Package: xparse 2016/01/19 v6377 L3 Experimental document command parser
\l__xparse_current_arg_int=\count110
\l__xparse_m_args_int=\count111
\l__xparse_mandatory_args_int=\count112
\l__xparse_processor_int=\count113
\l__xparse_v_nesting_int=\count114
)
Package: fontspec 2016/02/01 v2.5a Font selection for XeLaTeX and LuaLaTeX
(/usr/share/texlive/texmf-dist/tex/latex/fontspec/fontspec-xetex.sty
Package: fontspec-xetex 2016/02/01 v2.5a Font selection for XeLaTeX and LuaLaTe
X
\l_fontspec_script_int=\count115
\l_fontspec_language_int=\count116
\l_fontspec_strnum_int=\count117
\l__fontspec_tmpa_dim=\dimen135
\l__fontspec_tmpb_dim=\dimen136
\l__fontspec_tmpc_dim=\dimen137
\g__file_internal_ior=\read1
(/usr/share/texlive/texmf-dist/tex/latex/base/fontenc.sty
Package: fontenc 2005/09/27 v1.99g Standard LaTeX package
(/usr/share/texlive/texmf-dist/tex/latex/euenc/eu1enc.def
File: eu1enc.def 2010/05/27 v0.1h Experimental Unicode font encodings
)
LaTeX Font Info:    Try loading font information for EU1+lmr on input line 105.

(/usr/share/texlive/texmf-dist/tex/latex/euenc/eu1lmr.fd
File: eu1lmr.fd 2009/10/30 v1.6 Font defs for Latin Modern
)) (/usr/share/texlive/texmf-dist/tex/xelatex/xunicode/xunicode.sty
File: xunicode.sty 2011/09/09 v0.981 provides access to latin accents and many 
other characters in Unicode lower plane
(/usr/share/texmf/tex/latex/tipa/t3enc.def
File: t3enc.def 2001/12/31 T3 encoding
LaTeX Font Info:    Try loading font information for EU1+lmss on input line 357
.
(/usr/share/texlive/texmf-dist/tex/latex/euenc/eu1lmss.fd
File: eu1lmss.fd 2009/10/30 v1.6 Font defs for Latin Modern
))
\tipaTiiicode=\count118
\tipasavetokens=\toks14
\tipachecktokens=\toks15
(/usr/share/texlive/texmf-dist/tex/latex/graphics/graphicx.sty
Package: graphicx 2014/10/28 v1.0g Enhanced LaTeX Graphics (DPC,SPQR)
(/usr/share/texlive/texmf-dist/tex/latex/graphics/keyval.sty
Package: keyval 2014/10/28 v1.15 key=value parser (DPC)
\KV@toks@=\toks16
) (/usr/share/texlive/texmf-dist/tex/latex/graphics/graphics.sty
Package: graphics 2016/01/03 v1.0q Standard LaTeX Graphics (DPC,SPQR)
(/usr/share/texlive/texmf-dist/tex/latex/graphics/trig.sty
Package: trig 2016/01/03 v1.10 sin cos tan (DPC)
) (/usr/share/texlive/texmf-dist/tex/latex/latexconfig/graphics.cfg
File: graphics.cfg 2010/04/23 v1.9 graphics configuration of TeX Live
)
Package graphics Info: Driver file: xetex.def on input line 95.
(/usr/share/texlive/texmf-dist/tex/xelatex/xetex-def/xetex.def
File: xetex.def 2015/09/11 v4.06 LaTeX color/graphics driver for XeTeX (TeX Liv
e/RRM/JK)
(/usr/share/texlive/texmf-dist/tex/generic/oberdiek/infwarerr.sty
Package: infwarerr 2010/04/08 v1.3 Providing info/warning/error messages (HO)
) (/usr/share/texlive/texmf-dist/tex/generic/oberdiek/ltxcmds.sty
Package: ltxcmds 2011/11/09 v1.22 LaTeX kernel commands for general use (HO)
)))
\Gin@req@height=\dimen138
\Gin@req@width=\dimen139
))
.................................................
. LaTeX info: "xparse/define-command"
. 
. Defining command \__fontspec_post_arg:w with sig. 'mmO{}' on line 353.
.................................................
.................................................
. LaTeX info: "xparse/define-command"
. 
. Defining command \fontspec with sig. 'om' on line 355.
.................................................
.................................................
. LaTeX info: "xparse/define-command"
. 
. Defining command \setmainfont with sig. 'om' on line 365.
.................................................
.................................................
. LaTeX info: "xparse/define-command"
. 
. Defining command \setsansfont with sig. 'om' on line 375.
.................................................
.................................................
. LaTeX info: "xparse/define-command"
. 
. Defining command \setmonofont with sig. 'om' on line 385.
.................................................
.................................................
. LaTeX info: "xparse/define-command"
. 
. Defining command \setmathrm with sig. 'om' on line 399.
.................................................
.................................................
. LaTeX info: "xparse/define-command"
. 
. Defining command \setboldmathrm with sig. 'om' on line 407.
.................................................
.................................................
. LaTeX info: "xparse/define-command"
. 
. Defining command \setmathsf with sig. 'om' on line 415.
.................................................
.................................................
. LaTeX info: "xparse/define-command"
. 
. Defining command \setmathtt with sig. 'om' on line 423.
.................................................
.................................................
. LaTeX info: "xparse/define-command"
. 
. Defining command \newfontfamily with sig. 'mom' on line 437.
.................................................
.................................................
. LaTeX info: "xparse/define-command"
. 
. Defining command \newfontface with sig. 'mom' on line 453.
.................................................
.................................................
. LaTeX info: "xparse/define-command"
. 
. Defining command \defaultfontfeatures with sig. 't+om' on line 467.
.................................................
.................................................
. LaTeX info: "xparse/define-command"
. 
. Defining command \addfontfeatures with sig. 'm' on line 529.
.................................................
.................................................
. LaTeX info: "xparse/define-command"
. 
. Defining command \newfontfeature with sig. 'mm' on line 540.
.................................................
.................................................
. LaTeX info: "xparse/define-command"
. 
. Defining command \newAATfeature with sig. 'mmmm' on line 548.
.................................................
.................................................
. LaTeX info: "xparse/define-command"
. 
. Defining command \newopentypefeature with sig. 'mmm' on line 556.
.................................................
.................................................
. LaTeX info: "xparse/define-command"
. 
. Defining command \aliasfontfeature with sig. 'mm' on line 577.
.................................................
.................................................
. LaTeX info: "xparse/define-command"
. 
. Defining command \aliasfontfeatureoption with sig. 'mmm' on line 586.
.................................................
.................................................
. LaTeX info: "xparse/define-command"
. 
. Defining command \newfontscript with sig. 'mm' on line 590.
.................................................
.................................................
. LaTeX info: "xparse/define-command"
. 
. Defining command \newfontlanguage with sig. 'mm' on line 594.
.................................................
.................................................
. LaTeX info: "xparse/define-command"
. 
. Defining command \DeclareFontsExtensions with sig. 'm' on line 599.
.................................................
\l__fontspec_tmp_int=\count119
(/usr/share/texlive/texmf-dist/tex/latex/fontspec/fontspec.cfg)
LaTeX Info: Redefining \itshape on input line 2705.
LaTeX Info: Redefining \slshape on input line 2710.
LaTeX Info: Redefining \scshape on input line 2715.
LaTeX Info: Redefining \upshape on input line 2720.
\l__fontspec_em_int=\count120
\l__fontspec_emdef_int=\count121
LaTeX Info: Redefining \em on input line 2736.
LaTeX Info: Redefining \emph on input line 2742.
LaTeX Info: Redefining \- on input line 2746.
.................................................
. LaTeX info: "xparse/redefine-command"
. 
. Redefining command \oldstylenums with sig. 'm' on line 2841.
.................................................
.................................................
. LaTeX info: "xparse/define-command"
. 
. Defining command \liningnums with sig. 'm' on line 2845.
.................................................
)) (/usr/share/texlive/texmf-dist/tex/latex/realscripts/realscripts.sty
Package: realscripts 2016/02/13 v0.3d Access OpenType subscripts and superscrip
ts
.................................................
. LaTeX info: "xparse/define-command"
. 
. Defining command \fakesubscript with sig. 'm' on line 19.
.................................................
.................................................
. LaTeX info: "xparse/define-command"
. 
. Defining command \fakesuperscript with sig. 'm' on line 22.
.................................................
.................................................
. LaTeX info: "xparse/redefine-command"
. 
. Redefining command \textsubscript with sig. 's' on line 25.
.................................................
.................................................
. LaTeX info: "xparse/redefine-command"
. 
. Redefining command \textsuperscript with sig. 's' on line 28.
.................................................
.................................................
. LaTeX info: "xparse/define-command"
. 
. Defining command \realsubscript with sig. 'm' on line 45.
.................................................
.................................................
. LaTeX info: "xparse/define-command"
. 
. Defining command \realsuperscript with sig. 'm' on line 60.
.................................................
.................................................
. LaTeX info: "xparse/define-command"
. 
. Defining command \textsubsuperscript with sig. 'sO{l}mm' on line 138.
.................................................
.................................................
. LaTeX info: "xparse/define-command"
. 
. Defining command \textsupersubscript with sig. 'sO{l}mm' on line 143.
.................................................
\subsupersep=\dimen140
) (/usr/share/texlive/texmf-dist/tex/latex/metalogo/metalogo.sty
Package: metalogo 2010/05/29 v0.12 Extended TeX logo macros
\xl@everylogo=\toks17
\xl@@everylogo=\toks18
LaTeX Info: Redefining \TeX on input line 193.
LaTeX Info: Redefining \LaTeX on input line 202.
LaTeX Info: Redefining \LaTeXe on input line 219.
)
\l__xetex_show_hyphens_wrapping_box=\box41
\l__xetex_show_hyphens_temp_box=\box42
\l__xetex_show_hyphens_final_box=\box43
\g__xetex_show_hyphens_word_box=\box44
)
.................................................
. fontspec info: "no-scripts"
. 
. Font Times New Roman does not contain any OpenType `Script' information.
.................................................
\g__fontspec_family_TimesNewRoman_int=\count122
.................................................
. fontspec info: "defining-font"
. 
. Font family 'TimesNewRoman(0)' created for font 'Times New Roman' with
. options [Ligatures=TeX].
. 
. This font family consists of the following NFSS series/shapes:
. - 'normal' (m/n) with NFSS spec.: <->"Times New Roman/OT:mapping=tex-text;"
. - 'small caps'  (m/sc) with NFSS spec.: - 'bold' (bx/n) with NFSS spec.:
. <->"Times New Roman/B/OT:mapping=tex-text;"
. - 'bold small caps'  (bx/sc) with NFSS spec.: - 'italic' (m/it) with NFSS
. spec.: <->"Times New Roman/I/OT:mapping=tex-text;"
. - 'italic small caps'  (m/itsc) with NFSS spec.: - 'bold italic' (bx/it)
. with NFSS spec.: <->"Times New Roman/BI/OT:mapping=tex-text;"
. - 'bold italic small caps'  (bx/itsc) with NFSS spec.: 
.................................................
(/usr/share/texlive/texmf-dist/tex/generic/babel/babel.sty
Package: babel 2016/02/24 3.9q The Babel package
(/usr/share/texlive/texmf-dist/tex/generic/babel-russian/russianb.ldf
Language: russianb 2016/02/18 1.3h Russian support for the Babel system
(/usr/share/texlive/texmf-dist/tex/generic/babel/babel.def
File: babel.def 2016/02/24 3.9q Babel common definitions
\babel@savecnt=\count123
\U@D=\dimen141
(/usr/share/texlive/texmf-dist/tex/generic/babel/xebabel.def))
Package babel Info: Making " an active character on input line 111.
)) (/usr/share/texlive/texmf-dist/tex/latex/amsmath/amsmath.sty
Package: amsmath 2016/03/03 v2.15a AMS math features
\@mathmargin=\skip49
For additional information on amsmath, use the `?' option.
(/usr/share/texlive/texmf-dist/tex/latex/amsmath/amstext.sty
Package: amstext 2000/06/29 v2.01 AMS text
(/usr/share/texlive/texmf-dist/tex/latex/amsmath/amsgen.sty
File: amsgen.sty 1999/11/30 v2.0 generic functions
\@emptytoks=\toks19
\ex@=\dimen142
)) (/usr/share/texlive/texmf-dist/tex/latex/amsmath/amsbsy.sty
Package: amsbsy 1999/11/29 v1.2d Bold Symbols
\pmbraise@=\dimen143
) (/usr/share/texlive/texmf-dist/tex/latex/amsmath/amsopn.sty
Package: amsopn 1999/12/14 v2.01 operator names
)
\inf@bad=\count124
LaTeX Info: Redefining \frac on input line 199.
\uproot@=\count125
\leftroot@=\count126
LaTeX Info: Redefining \overline on input line 297.
\classnum@=\count127
\DOTSCASE@=\count128
LaTeX Info: Redefining \ldots on input line 394.
LaTeX Info: Redefining \dots on input line 397.
LaTeX Info: Redefining \cdots on input line 518.
\Mathstrutbox@=\box45
\strutbox@=\box46
\big@size=\dimen144
LaTeX Font Info:    Redeclaring font encoding OML on input line 630.
LaTeX Font Info:    Redeclaring font encoding OMS on input line 631.
\macc@depth=\count129
\c@MaxMatrixCols=\count130
\dotsspace@=\muskip16
\c@parentequation=\count131
\dspbrk@lvl=\count132
\tag@help=\toks20
\row@=\count133
\column@=\count134
\maxfields@=\count135
\andhelp@=\toks21
\eqnshift@=\dimen145
\alignsep@=\dimen146
\tagshift@=\dimen147
\tagwidth@=\dimen148
\totwidth@=\dimen149
\lineht@=\dimen150
\@envbody=\toks22
\multlinegap=\skip50
\multlinetaggap=\skip51
\mathdisplay@stack=\toks23
LaTeX Info: Redefining \[ on input line 2735.
LaTeX Info: Redefining \] on input line 2736.
) (/usr/share/texlive/texmf-dist/tex/latex/amsfonts/amssymb.sty
Package: amssymb 2013/01/14 v3.01 AMS font symbols
(/usr/share/texlive/texmf-dist/tex/latex/amsfonts/amsfonts.sty
Package: amsfonts 2013/01/14 v3.01 Basic AMSFonts support
\symAMSa=\mathgroup4
\symAMSb=\mathgroup5
LaTeX Font Info:    Overwriting math alphabet `\mathfrak' in version `bold'
(Font)                  U/euf/m/n --> U/euf/b/n on input line 106.
)) (/usr/share/texlive/texmf-dist/tex/latex/graphics/color.sty
Package: color 2016/01/03 v1.1b Standard LaTeX Color (DPC)
(/usr/share/texlive/texmf-dist/tex/latex/latexconfig/color.cfg
File: color.cfg 2007/01/18 v1.5 color configuration of teTeX/TeXLive
)
Package color Info: Driver file: xetex.def on input line 143.
) (/usr/share/texlive/texmf-dist/tex/latex/tools/array.sty
Package: array 2014/10/28 v2.4c Tabular extension package (FMi)
\col@sep=\dimen151
\extrarowheight=\dimen152
\NC@list=\toks24
\extratabsurround=\skip52
\backup@length=\skip53
) (/usr/share/texlive/texmf-dist/tex/latex/supertabular/supertabular.sty
Package: supertabular 2004/02/20 v4.1e the supertabular environment
\c@tracingst=\count136
\ST@wd=\dimen153
\ST@rightskip=\skip54
\ST@leftskip=\skip55
\ST@parfillskip=\skip56
\ST@pageleft=\dimen154
\ST@headht=\dimen155
\ST@tailht=\dimen156
\ST@pagesofar=\dimen157
\ST@pboxht=\dimen158
\ST@lineht=\dimen159
\ST@stretchht=\dimen160
\ST@prevht=\dimen161
\ST@toadd=\dimen162
\ST@dimen=\dimen163
\ST@pbox=\box47
) (/usr/share/texlive/texmf-dist/tex/latex/tools/hhline.sty
Package: hhline 2014/10/28 v2.03 Table rule package (DPC)
) (/usr/share/texlive/texmf-dist/tex/latex/hyperref/hyperref.sty
Package: hyperref 2012/11/06 v6.83m Hypertext links for LaTeX
(/usr/share/texlive/texmf-dist/tex/generic/oberdiek/hobsub-hyperref.sty
Package: hobsub-hyperref 2012/05/28 v1.13 Bundle oberdiek, subset hyperref (HO)

(/usr/share/texlive/texmf-dist/tex/generic/oberdiek/hobsub-generic.sty
Package: hobsub-generic 2012/05/28 v1.13 Bundle oberdiek, subset generic (HO)
Package: hobsub 2012/05/28 v1.13 Construct package bundles (HO)
Package hobsub Info: Skipping package `infwarerr' (already loaded).
Package hobsub Info: Skipping package `ltxcmds' (already loaded).
Package hobsub Info: Skipping package `ifluatex' (already loaded).
Package: ifvtex 2010/03/01 v1.5 Detect VTeX and its facilities (HO)
Package ifvtex Info: VTeX not detected.
Package: intcalc 2007/09/27 v1.1 Expandable calculations with integers (HO)
Package: ifpdf 2011/01/30 v2.3 Provides the ifpdf switch (HO)
Package ifpdf Info: pdfTeX in PDF mode is not detected.
Package: etexcmds 2011/02/16 v1.5 Avoid name clashes with e-TeX commands (HO)
Package etexcmds Info: Could not find \expanded.
(etexcmds)             That can mean that you are not using pdfTeX 1.50 or
(etexcmds)             that some package has redefined \expanded.
(etexcmds)             In the latter case, load this package earlier.
Package: kvsetkeys 2012/04/25 v1.16 Key value parser (HO)
Package: kvdefinekeys 2011/04/07 v1.3 Define keys (HO)
Package: pdftexcmds 2011/11/29 v0.20 Utility functions of pdfTeX for LuaTeX (HO
)
Package pdftexcmds Info: LuaTeX not detected.
Package pdftexcmds Info: pdfTeX >= 1.30 not detected.
Package pdftexcmds Info: \pdf@primitive is available.
Package pdftexcmds Info: \pdf@ifprimitive is available.
Package pdftexcmds Info: \pdfdraftmode not found.
Package: pdfescape 2011/11/25 v1.13 Implements pdfTeX's escape features (HO)
Package: bigintcalc 2012/04/08 v1.3 Expandable calculations on big integers (HO
)
Package: bitset 2011/01/30 v1.1 Handle bit-vector datatype (HO)
Package: uniquecounter 2011/01/30 v1.2 Provide unlimited unique counter (HO)
)
Package hobsub Info: Skipping package `hobsub' (already loaded).
Package: letltxmacro 2010/09/02 v1.4 Let assignment for LaTeX macros (HO)
Package: hopatch 2012/05/28 v1.2 Wrapper for package hooks (HO)
Package: xcolor-patch 2011/01/30 xcolor patch
Package: atveryend 2011/06/30 v1.8 Hooks at the very end of document (HO)
Package atveryend Info: \enddocument detected (standard20110627).
Package: atbegshi 2011/10/05 v1.16 At begin shipout hook (HO)
Package: refcount 2011/10/16 v3.4 Data extraction from label references (HO)
Package: hycolor 2011/01/30 v1.7 Color options for hyperref/bookmark (HO)
) (/usr/share/texlive/texmf-dist/tex/latex/oberdiek/auxhook.sty
Package: auxhook 2011/03/04 v1.3 Hooks for auxiliary files (HO)
) (/usr/share/texlive/texmf-dist/tex/latex/oberdiek/kvoptions.sty
Package: kvoptions 2011/06/30 v3.11 Key value format for package options (HO)
)
\@linkdim=\dimen164
\Hy@linkcounter=\count137
\Hy@pagecounter=\count138
(/usr/share/texlive/texmf-dist/tex/latex/hyperref/pd1enc.def
File: pd1enc.def 2012/11/06 v6.83m Hyperref: PDFDocEncoding definition (HO)
)
\Hy@SavedSpaceFactor=\count139
Package hyperref Info: Option `unicode' set `true' on input line 3411.
(/usr/share/texlive/texmf-dist/tex/latex/hyperref/puenc.def
File: puenc.def 2012/11/06 v6.83m Hyperref: PDF Unicode definition (HO)
) (/usr/share/texlive/texmf-dist/tex/latex/latexconfig/hyperref.cfg
File: hyperref.cfg 2002/06/06 v1.2 hyperref configuration of TeXLive
)
Package hyperref Info: Hyper figures OFF on input line 4443.
Package hyperref Info: Link nesting OFF on input line 4448.
Package hyperref Info: Hyper index ON on input line 4451.
Package hyperref Info: Plain pages OFF on input line 4458.
Package hyperref Info: Backreferencing OFF on input line 4463.
Package hyperref Info: Implicit mode ON; LaTeX internals redefined.
Package hyperref Info: Bookmarks ON on input line 4688.
\c@Hy@tempcnt=\count140
(/usr/share/texlive/texmf-dist/tex/latex/url/url.sty
\Urlmuskip=\muskip17
Package: url 2013/09/16  ver 3.4  Verb mode for urls, etc.
)
LaTeX Info: Redefining \url on input line 5041.
\XeTeXLinkMargin=\dimen165
\Fld@menulength=\count141
\Field@Width=\dimen166
\Fld@charsize=\dimen167
Package hyperref Info: Hyper figures OFF on input line 6295.
Package hyperref Info: Link nesting OFF on input line 6300.
Package hyperref Info: Hyper index ON on input line 6303.
Package hyperref Info: backreferencing OFF on input line 6310.
Package hyperref Info: Link coloring OFF on input line 6315.
Package hyperref Info: Link coloring with OCG OFF on input line 6320.
Package hyperref Info: PDF/A mode OFF on input line 6325.
LaTeX Info: Redefining \ref on input line 6365.
LaTeX Info: Redefining \pageref on input line 6369.
\Hy@abspage=\count142
\c@Item=\count143
\c@Hfootnote=\count144
)

Package hyperref Message: Driver (autodetected): hxetex.

(/usr/share/texlive/texmf-dist/tex/latex/hyperref/hxetex.def
File: hxetex.def 2012/11/06 v6.83m Hyperref driver for XeTeX
(/usr/share/texlive/texmf-dist/tex/generic/oberdiek/stringenc.sty
Package: stringenc 2011/12/02 v1.10 Convert strings between diff. encodings (HO
)
)
\pdfm@box=\box48
\c@Hy@AnnotLevel=\count145
\HyField@AnnotCount=\count146
\Fld@listcount=\count147
\c@bookmark@seq@number=\count148
(/usr/share/texlive/texmf-dist/tex/latex/oberdiek/rerunfilecheck.sty
Package: rerunfilecheck 2011/04/15 v1.7 Rerun checks for auxiliary files (HO)
Package rerunfilecheck Info: Feature \pdfmdfivesum is not available
(rerunfilecheck)             (e.g. pdfTeX or LuaTeX with package `pdftexcmds').

(rerunfilecheck)             Therefore file contents cannot be checked efficien
tly
(rerunfilecheck)             and the loading of the package is aborted.
)
\Hy@SectionHShift=\skip57
) (/usr/share/texlive/texmf-dist/tex/latex/geometry/geometry.sty
Package: geometry 2010/09/12 v5.6 Page Geometry
\Gm@cnth=\count149
\Gm@cntv=\count150
\c@Gm@tempcnt=\count151
\Gm@bindingoffset=\dimen168
\Gm@wd@mp=\dimen169
\Gm@odd@mp=\dimen170
\Gm@even@mp=\dimen171
\Gm@layoutwidth=\dimen172
\Gm@layoutheight=\dimen173
\Gm@layouthoffset=\dimen174
\Gm@layoutvoffset=\dimen175
\Gm@dimlist=\toks25
) (/home/tim/code/tex/irm/tex_project/list_styles.tex
\c@saveenum=\count152
)) (/home/tim/code/tex/irm/tex_project/irm_w2l_nohyper.aux)
\openout1 = `irm_w2l_nohyper.aux'.

LaTeX Font Info:    Checking defaults for OML/cmm/m/it on input line 8.
LaTeX Font Info:    ... okay on input line 8.
LaTeX Font Info:    Checking defaults for T1/cmr/m/n on input line 8.
LaTeX Font Info:    ... okay on input line 8.
LaTeX Font Info:    Checking defaults for OT1/cmr/m/n on input line 8.
LaTeX Font Info:    ... okay on input line 8.
LaTeX Font Info:    Checking defaults for OMS/cmsy/m/n on input line 8.
LaTeX Font Info:    ... okay on input line 8.
LaTeX Font Info:    Checking defaults for OMX/cmex/m/n on input line 8.
LaTeX Font Info:    ... okay on input line 8.
LaTeX Font Info:    Checking defaults for U/cmr/m/n on input line 8.
LaTeX Font Info:    ... okay on input line 8.
LaTeX Font Info:    Checking defaults for EU1/lmr/m/n on input line 8.
LaTeX Font Info:    ... okay on input line 8.
LaTeX Font Info:    Checking defaults for T3/cmr/m/n on input line 8.
LaTeX Font Info:    Try loading font information for T3+cmr on input line 8.
(/usr/share/texmf/tex/latex/tipa/t3cmr.fd
File: t3cmr.fd 2001/12/31 TIPA font definitions
)
LaTeX Font Info:    ... okay on input line 8.
LaTeX Font Info:    Checking defaults for PD1/pdf/m/n on input line 8.
LaTeX Font Info:    ... okay on input line 8.
LaTeX Font Info:    Checking defaults for PU/pdf/m/n on input line 8.
LaTeX Font Info:    ... okay on input line 8.
.................................................
. fontspec info: "setup-math"
. 
. Adjusting the maths setup (use [no-math] to avoid this).
.................................................
\symlegacymaths=\mathgroup6
LaTeX Font Info:    Overwriting symbol font `legacymaths' in version `bold'
(Font)                  OT1/cmr/m/n --> OT1/cmr/bx/n on input line 8.
LaTeX Font Info:    Redeclaring math accent \acute on input line 8.
LaTeX Font Info:    Redeclaring math accent \grave on input line 8.
LaTeX Font Info:    Redeclaring math accent \ddot on input line 8.
LaTeX Font Info:    Redeclaring math accent \tilde on input line 8.
LaTeX Font Info:    Redeclaring math accent \bar on input line 8.
LaTeX Font Info:    Redeclaring math accent \breve on input line 8.
LaTeX Font Info:    Redeclaring math accent \check on input line 8.
LaTeX Font Info:    Redeclaring math accent \hat on input line 8.
LaTeX Font Info:    Redeclaring math accent \dot on input line 8.
LaTeX Font Info:    Redeclaring math accent \mathring on input line 8.
LaTeX Font Info:    Redeclaring math symbol \Gamma on input line 8.
LaTeX Font Info:    Redeclaring math symbol \Delta on input line 8.
LaTeX Font Info:    Redeclaring math symbol \Theta on input line 8.
LaTeX Font Info:    Redeclaring math symbol \Lambda on input line 8.
LaTeX Font Info:    Redeclaring math symbol \Xi on input line 8.
LaTeX Font Info:    Redeclaring math symbol \Pi on input line 8.
LaTeX Font Info:    Redeclaring math symbol \Sigma on input line 8.
LaTeX Font Info:    Redeclaring math symbol \Upsilon on input line 8.
LaTeX Font Info:    Redeclaring math symbol \Phi on input line 8.
LaTeX Font Info:    Redeclaring math symbol \Psi on input line 8.
LaTeX Font Info:    Redeclaring math symbol \Omega on input line 8.
LaTeX Font Info:    Redeclaring math symbol \mathdollar on input line 8.
LaTeX Font Info:    Redeclaring symbol font `operators' on input line 8.
LaTeX Font Info:    Encoding `OT1' has changed to `EU1' for symbol font
(Font)              `operators' in the math version `normal' on input line 8.
LaTeX Font Info:    Overwriting symbol font `operators' in version `normal'
(Font)                  OT1/cmr/m/n --> EU1/TimesNewRoman(0)/m/n on input line 
8.
LaTeX Font Info:    Encoding `OT1' has changed to `EU1' for symbol font
(Font)              `operators' in the math version `bold' on input line 8.
LaTeX Font Info:    Overwriting symbol font `operators' in version `bold'
(Font)                  OT1/cmr/bx/n --> EU1/TimesNewRoman(0)/m/n on input line
 8.
LaTeX Font Info:    Overwriting symbol font `operators' in version `normal'
(Font)                  EU1/TimesNewRoman(0)/m/n --> EU1/TimesNewRoman(0)/m/n o
n input line 8.
LaTeX Font Info:    Overwriting math alphabet `\mathit' in version `normal'
(Font)                  OT1/cmr/m/it --> EU1/TimesNewRoman(0)/m/it on input lin
e 8.
LaTeX Font Info:    Overwriting math alphabet `\mathbf' in version `normal'
(Font)                  OT1/cmr/bx/n --> EU1/TimesNewRoman(0)/bx/n on input lin
e 8.
LaTeX Font Info:    Overwriting math alphabet `\mathsf' in version `normal'
(Font)                  OT1/cmss/m/n --> EU1/lmss/m/n on input line 8.
LaTeX Font Info:    Overwriting math alphabet `\mathtt' in version `normal'
(Font)                  OT1/cmtt/m/n --> EU1/lmtt/m/n on input line 8.
LaTeX Font Info:    Overwriting symbol font `operators' in version `bold'
(Font)                  EU1/TimesNewRoman(0)/m/n --> EU1/TimesNewRoman(0)/bx/n 
on input line 8.
LaTeX Font Info:    Overwriting math alphabet `\mathit' in version `bold'
(Font)                  OT1/cmr/bx/it --> EU1/TimesNewRoman(0)/bx/it on input l
ine 8.
LaTeX Font Info:    Overwriting math alphabet `\mathsf' in version `bold'
(Font)                  OT1/cmss/bx/n --> EU1/lmss/bx/n on input line 8.
LaTeX Font Info:    Overwriting math alphabet `\mathtt' in version `bold'
(Font)                  OT1/cmtt/m/n --> EU1/lmtt/bx/n on input line 8.
\AtBeginShipoutBox=\box49
Package hyperref Info: Link coloring OFF on input line 8.
(/usr/share/texlive/texmf-dist/tex/latex/hyperref/nameref.sty
Package: nameref 2012/10/27 v2.43 Cross-referencing by name of section
(/usr/share/texlive/texmf-dist/tex/generic/oberdiek/gettitlestring.sty
Package: gettitlestring 2010/12/03 v1.4 Cleanup title references (HO)
)
\c@section@level=\count153
)
LaTeX Info: Redefining \ref on input line 8.
LaTeX Info: Redefining \pageref on input line 8.
LaTeX Info: Redefining \nameref on input line 8.
(/home/tim/code/tex/irm/tex_project/irm_w2l_nohyper.out) (/home/tim/code/tex/ir
m/tex_project/irm_w2l_nohyper.out)
\@outlinefile=\write3
\openout3 = `irm_w2l_nohyper.out'.

*geometry* driver: auto-detecting
*geometry* detected driver: xetex
*geometry* verbose mode - [ preamble ] result:
* driver: xetex
* paper: <default>
* layout: <same size as paper>
* layoutoffset:(h,v)=(0.0pt,0.0pt)
* modes: 
* h-part:(L,W,R)=(85.35826pt, 469.47049pt, 42.67912pt)
* v-part:(T,H,B)=(68.28644pt, 708.47397pt, 68.28644pt)
* \paperwidth=597.50787pt
* \paperheight=845.04684pt
* \textwidth=469.47049pt
* \textheight=708.47397pt
* \oddsidemargin=13.08827pt
* \evensidemargin=13.08827pt
* \topmargin=-42.98355pt
* \headheight=14.0pt
* \headsep=25.0pt
* \topskip=14.0pt
* \footskip=30.0pt
* \marginparwidth=15.0pt
* \marginparsep=10.0pt
* \columnsep=10.0pt
* \skip\footins=12.0pt plus 4.0pt minus 2.0pt
* \hoffset=0.0pt
* \voffset=0.0pt
* \mag=1000
* \@twocolumnfalse
* \@twosidefalse
* \@mparswitchfalse
* \@reversemarginfalse
* (1in=72.27pt=25.4mm, 1cm=28.453pt)

LaTeX Font Info:    Try loading font information for U+msa on input line 12.
(/usr/share/texlive/texmf-dist/tex/latex/amsfonts/umsa.fd
File: umsa.fd 2013/01/14 v3.01 AMS symbols A
)
LaTeX Font Info:    Try loading font information for U+msb on input line 12.
(/usr/share/texlive/texmf-dist/tex/latex/amsfonts/umsb.fd
File: umsb.fd 2013/01/14 v3.01 AMS symbols B
)
Package babel Info: Redefining russian shorthand "|
(babel)             in language  on input line 12.
Package babel Info: Redefining russian shorthand "~
(babel)             in language  on input line 12.
Package babel Info: Redefining russian shorthand "|
(babel)             in language  on input line 12.
Package babel Info: Redefining russian shorthand "~
(babel)             in language  on input line 12.
[1


] (/home/tim/code/tex/irm/tex_project/irm_w2l_nohyper.toc)
\tf@toc=\write4
\openout4 = `irm_w2l_nohyper.toc'.

Package babel Info: Redefining russian shorthand "|
(babel)             in language  on input line 21.
Package babel Info: Redefining russian shorthand "~
(babel)             in language  on input line 21.
Package babel Info: Redefining russian shorthand "|
(babel)             in language  on input line 21.
Package babel Info: Redefining russian shorthand "~
(babel)             in language  on input line 21.
[1

]
Глава 1.
Package babel Info: Redefining russian shorthand "|
(babel)             in language  on input line 21.
Package babel Info: Redefining russian shorthand "~
(babel)             in language  on input line 21.
Package babel Info: Redefining russian shorthand "|
(babel)             in language  on input line 59.
Package babel Info: Redefining russian shorthand "~
(babel)             in language  on input line 59.
Package babel Info: Redefining russian shorthand "|
(babel)             in language  on input line 59.
Package babel Info: Redefining russian shorthand "~
(babel)             in language  on input line 59.
[2

]
Package babel Info: Redefining russian shorthand "|
(babel)             in language  on input line 102.
Package babel Info: Redefining russian shorthand "~
(babel)             in language  on input line 102.
Package babel Info: Redefining russian shorthand "|
(babel)             in language  on input line 102.
Package babel Info: Redefining russian shorthand "~
(babel)             in language  on input line 102.
[3]
Package babel Info: Redefining russian shorthand "|
(babel)             in language  on input line 142.
Package babel Info: Redefining russian shorthand "~
(babel)             in language  on input line 142.
Package babel Info: Redefining russian shorthand "|
(babel)             in language  on input line 142.
Package babel Info: Redefining russian shorthand "~
(babel)             in language  on input line 142.
[4]
Package babel Info: Redefining russian shorthand "|
(babel)             in language  on input line 164.
Package babel Info: Redefining russian shorthand "~
(babel)             in language  on input line 164.
Package babel Info: Redefining russian shorthand "|
(babel)             in language  on input line 164.
Package babel Info: Redefining russian shorthand "~
(babel)             in language  on input line 164.
[5]
Глава 1.
Package babel Info: Redefining russian shorthand "|
(babel)             in language  on input line 165.
Package babel Info: Redefining russian shorthand "~
(babel)             in language  on input line 165.

Overfull \hbox (0.82545pt too wide) in paragraph at lines 169--169
\EU1/TimesNewRoman(0)/bx/n/20.74 чи, описание обстановки, точка зрения пишу-
 []

Package babel Info: Redefining russian shorthand "|
(babel)             in language  on input line 169.
Package babel Info: Redefining russian shorthand "~
(babel)             in language  on input line 169.
Package babel Info: Redefining russian shorthand "|
(babel)             in language  on input line 180.
Package babel Info: Redefining russian shorthand "~
(babel)             in language  on input line 180.
Package babel Info: Redefining russian shorthand "|
(babel)             in language  on input line 180.
Package babel Info: Redefining russian shorthand "~
(babel)             in language  on input line 180.
[6

]
Overfull \hbox (1.17998pt too wide) in paragraph at lines 211--217
[]\EU1/TimesNewRoman(0)/m/n/14.4 Задача стенографа — наиболее точно и без измен
ений зафиксировать фак-
 []

Package babel Info: Redefining russian shorthand "|
(babel)             in language  on input line 219.
Package babel Info: Redefining russian shorthand "~
(babel)             in language  on input line 219.
Package babel Info: Redefining russian shorthand "|
(babel)             in language  on input line 226.
Package babel Info: Redefining russian shorthand "~
(babel)             in language  on input line 226.
Package babel Info: Redefining russian shorthand "|
(babel)             in language  on input line 226.
Package babel Info: Redefining russian shorthand "~
(babel)             in language  on input line 226.
[7]
Package babel Info: Redefining russian shorthand "|
(babel)             in language  on input line 265.
Package babel Info: Redefining russian shorthand "~
(babel)             in language  on input line 265.
Package babel Info: Redefining russian shorthand "|
(babel)             in language  on input line 265.
Package babel Info: Redefining russian shorthand "~
(babel)             in language  on input line 265.
[8]
Overfull \hbox (12.27917pt too wide) in paragraph at lines 270--282
\EU1/TimesNewRoman(0)/m/n/14.4 лиза художественного текста. Моделируя признаки 
повествующего лица, линг-
 []


Overfull \hbox (3.71262pt too wide) in paragraph at lines 294--306
\EU1/TimesNewRoman(0)/m/n/14.4 ным) способом, семантико-смысловое взаимодействи
е которых создает некое
 []

Package babel Info: Redefining russian shorthand "|
(babel)             in language  on input line 307.
Package babel Info: Redefining russian shorthand "~
(babel)             in language  on input line 307.
Package babel Info: Redefining russian shorthand "|
(babel)             in language  on input line 307.
Package babel Info: Redefining russian shorthand "~
(babel)             in language  on input line 307.
[9]
Package babel Info: Redefining russian shorthand "|
(babel)             in language  on input line 351.
Package babel Info: Redefining russian shorthand "~
(babel)             in language  on input line 351.
Package babel Info: Redefining russian shorthand "|
(babel)             in language  on input line 351.
Package babel Info: Redefining russian shorthand "~
(babel)             in language  on input line 351.
[10]
Overfull \hbox (11.7149pt too wide) in paragraph at lines 371--374
[]\EU1/TimesNewRoman(0)/m/n/14.4 Высказывание имеет Говорящего и Адресата — кон
кретно-референтного
 []

Package babel Info: Redefining russian shorthand "|
(babel)             in language  on input line 407.
Package babel Info: Redefining russian shorthand "~
(babel)             in language  on input line 407.
Package babel Info: Redefining russian shorthand "|
(babel)             in language  on input line 407.
Package babel Info: Redefining russian shorthand "~
(babel)             in language  on input line 407.
[11]
Package babel Info: Redefining russian shorthand "|
(babel)             in language  on input line 442.
Package babel Info: Redefining russian shorthand "~
(babel)             in language  on input line 442.
Package babel Info: Redefining russian shorthand "|
(babel)             in language  on input line 442.
Package babel Info: Redefining russian shorthand "~
(babel)             in language  on input line 442.
[12]
Underfull \hbox (badness 10000) in paragraph at lines 475--480

 []

Package babel Info: Redefining russian shorthand "|
(babel)             in language  on input line 480.
Package babel Info: Redefining russian shorthand "~
(babel)             in language  on input line 480.
Package babel Info: Redefining russian shorthand "|
(babel)             in language  on input line 480.
Package babel Info: Redefining russian shorthand "~
(babel)             in language  on input line 480.
[13]
Overfull \hbox (6.42271pt too wide) in paragraph at lines 488--492
[]\EU1/TimesNewRoman(0)/m/n/14.4 Свободно-косвенный дискурс (СКД). «Повествоват
ель (экзегетический)
 []

Package babel Info: Redefining russian shorthand "|
(babel)             in language  on input line 520.
Package babel Info: Redefining russian shorthand "~
(babel)             in language  on input line 520.
Package babel Info: Redefining russian shorthand "|
(babel)             in language  on input line 520.
Package babel Info: Redefining russian shorthand "~
(babel)             in language  on input line 520.
[14]
Overfull \hbox (2.4376pt too wide) in paragraph at lines 536--548
\EU1/TimesNewRoman(0)/m/n/14.4 стоянно пополняющуюся группу лексико-семантическ
их единиц, объединен-
 []

Package babel Info: Redefining russian shorthand "|
(babel)             in language  on input line 562.
Package babel Info: Redefining russian shorthand "~
(babel)             in language  on input line 562.
Package babel Info: Redefining russian shorthand "|
(babel)             in language  on input line 562.
Package babel Info: Redefining russian shorthand "~
(babel)             in language  on input line 562.
[15]
Overfull \hbox (3.48833pt too wide) in paragraph at lines 566--568
[]\EU1/TimesNewRoman(0)/m/n/14.4 Градационно-количественные и количественно-огр
аничительные оцен-
 []


Overfull \hbox (4.03354pt too wide) in paragraph at lines 571--572
[]\EU1/TimesNewRoman(0)/m/n/14.4 Такой тип в нашей работе будем называть «собст
венно оценка», или Тип 1. 
 []


Overfull \hbox (9.20619pt too wide) in paragraph at lines 588--589
[]\EU1/TimesNewRoman(0)/m/n/14.4 Условно обозначим данный тип как «оценка формы
 изложения», или Тип 2. 
 []


Overfull \hbox (10.0077pt too wide) in paragraph at lines 591--592
[]\EU1/TimesNewRoman(0)/bx/n/14.4 Отдельно выделяются вводные слова, выражающие
 разные виды ком-
 []

Package babel Info: Redefining russian shorthand "|
(babel)             in language  on input line 596.
Package babel Info: Redefining russian shorthand "~
(babel)             in language  on input line 596.
Package babel Info: Redefining russian shorthand "|
(babel)             in language  on input line 596.
Package babel Info: Redefining russian shorthand "~
(babel)             in language  on input line 596.
[16]
Overfull \hbox (3.45352pt too wide) in paragraph at lines 614--614
[]\EU1/TimesNewRoman(0)/bx/n/20.74 Размер предложения. Факторы, влияющие на
 []

Package babel Info: Redefining russian shorthand "|
(babel)             in language  on input line 614.
Package babel Info: Redefining russian shorthand "~
(babel)             in language  on input line 614.

Overfull \hbox (1.11342pt too wide) in paragraph at lines 616--623
\EU1/TimesNewRoman(0)/m/n/14.4 Стенограф воспроизводит реальное членение, дробл
ение предложения на вы-
 []


Overfull \hbox (2.3544pt too wide) in paragraph at lines 624--627
\EU1/TimesNewRoman(0)/m/n/14.4 художественного произведения немаловажным фактор
ом будет имитация ко-
 []

Package babel Info: Redefining russian shorthand "|
(babel)             in language  on input line 627.
Package babel Info: Redefining russian shorthand "~
(babel)             in language  on input line 627.
Package babel Info: Redefining russian shorthand "|
(babel)             in language  on input line 627.
Package babel Info: Redefining russian shorthand "~
(babel)             in language  on input line 627.
[17]
Package babel Info: Redefining russian shorthand "|
(babel)             in language  on input line 672.
Package babel Info: Redefining russian shorthand "~
(babel)             in language  on input line 672.
Package babel Info: Redefining russian shorthand "|
(babel)             in language  on input line 672.
Package babel Info: Redefining russian shorthand "~
(babel)             in language  on input line 672.
[18]
Overfull \hbox (4.08765pt too wide) in paragraph at lines 703--715
\EU1/TimesNewRoman(0)/m/n/14.4 обстоятельства, уточнительные и пояснительные об
особленные члены) и син-
 []

Package babel Info: Redefining russian shorthand "|
(babel)             in language  on input line 715.
Package babel Info: Redefining russian shorthand "~
(babel)             in language  on input line 715.
Package babel Info: Redefining russian shorthand "|
(babel)             in language  on input line 715.
Package babel Info: Redefining russian shorthand "~
(babel)             in language  on input line 715.
[19]
Package babel Info: Redefining russian shorthand "|
(babel)             in language  on input line 741.
Package babel Info: Redefining russian shorthand "~
(babel)             in language  on input line 741.
Package babel Info: Redefining russian shorthand "|
(babel)             in language  on input line 741.
Package babel Info: Redefining russian shorthand "~
(babel)             in language  on input line 741.
[20]
Package babel Info: Redefining russian shorthand "|
(babel)             in language  on input line 781.
Package babel Info: Redefining russian shorthand "~
(babel)             in language  on input line 781.
Package babel Info: Redefining russian shorthand "|
(babel)             in language  on input line 781.
Package babel Info: Redefining russian shorthand "~
(babel)             in language  on input line 781.
[21]
Package babel Info: Redefining russian shorthand "|
(babel)             in language  on input line 830.
Package babel Info: Redefining russian shorthand "~
(babel)             in language  on input line 830.
Package babel Info: Redefining russian shorthand "|
(babel)             in language  on input line 830.
Package babel Info: Redefining russian shorthand "~
(babel)             in language  on input line 830.
[22]
Overfull \hbox (25.66531pt too wide) in paragraph at lines 839--842
\EU1/TimesNewRoman(0)/m/n/14.4 дят в состав конструкций со структурно-облегченн
ой и структурно-затрудненной
 []


Overfull \hbox (1.08147pt too wide) in paragraph at lines 847--852
[]\EU1/TimesNewRoman(0)/m/n/14.4 Парцеллят — синтаксически самостоятельное пред
ложение. Присоеди-
 []

Package babel Info: Redefining russian shorthand "|
(babel)             in language  on input line 855.
Package babel Info: Redefining russian shorthand "~
(babel)             in language  on input line 855.
Package babel Info: Redefining russian shorthand "|
(babel)             in language  on input line 855.
Package babel Info: Redefining russian shorthand "~
(babel)             in language  on input line 855.
[23]
Package babel Info: Redefining russian shorthand "|
(babel)             in language  on input line 896.
Package babel Info: Redefining russian shorthand "~
(babel)             in language  on input line 896.
Package babel Info: Redefining russian shorthand "|
(babel)             in language  on input line 896.
Package babel Info: Redefining russian shorthand "~
(babel)             in language  on input line 896.
[24]
Overfull \hbox (37.41106pt too wide) in paragraph at lines 914--920
\EU1/TimesNewRoman(0)/m/n/14.4 лированными уточнительными членами, вводимыми сп
ециальными уточнительно-
 []

Package babel Info: Redefining russian shorthand "|
(babel)             in language  on input line 928.
Package babel Info: Redefining russian shorthand "~
(babel)             in language  on input line 928.
Package babel Info: Redefining russian shorthand "|
(babel)             in language  on input line 928.
Package babel Info: Redefining russian shorthand "~
(babel)             in language  on input line 928.
[25]
Package babel Info: Redefining russian shorthand "|
(babel)             in language  on input line 967.
Package babel Info: Redefining russian shorthand "~
(babel)             in language  on input line 967.
Package babel Info: Redefining russian shorthand "|
(babel)             in language  on input line 967.
Package babel Info: Redefining russian shorthand "~
(babel)             in language  on input line 967.
[26]
Package babel Info: Redefining russian shorthand "|
(babel)             in language  on input line 978.
Package babel Info: Redefining russian shorthand "~
(babel)             in language  on input line 978.
Package babel Info: Redefining russian shorthand "|
(babel)             in language  on input line 978.
Package babel Info: Redefining russian shorthand "~
(babel)             in language  on input line 978.
[27]
Глава 2.
Package babel Info: Redefining russian shorthand "|
(babel)             in language  on input line 978.
Package babel Info: Redefining russian shorthand "~
(babel)             in language  on input line 978.
Package babel Info: Redefining russian shorthand "|
(babel)             in language  on input line 980.
Package babel Info: Redefining russian shorthand "~
(babel)             in language  on input line 980.
Package babel Info: Redefining russian shorthand "|
(babel)             in language  on input line 1010.
Package babel Info: Redefining russian shorthand "~
(babel)             in language  on input line 1010.
Package babel Info: Redefining russian shorthand "|
(babel)             in language  on input line 1010.
Package babel Info: Redefining russian shorthand "~
(babel)             in language  on input line 1010.
[28

]
Package babel Info: Redefining russian shorthand "|
(babel)             in language  on input line 1067.
Package babel Info: Redefining russian shorthand "~
(babel)             in language  on input line 1067.
Package babel Info: Redefining russian shorthand "|
(babel)             in language  on input line 1067.
Package babel Info: Redefining russian shorthand "~
(babel)             in language  on input line 1067.
[29]
Package babel Info: Redefining russian shorthand "|
(babel)             in language  on input line 1143.
Package babel Info: Redefining russian shorthand "~
(babel)             in language  on input line 1143.
Package babel Info: Redefining russian shorthand "|
(babel)             in language  on input line 1143.
Package babel Info: Redefining russian shorthand "~
(babel)             in language  on input line 1143.
[30]
Overfull \hbox (7.74164pt too wide) in paragraph at lines 1156--1160
\EU1/TimesNewRoman(0)/m/n/14.4 помощи специально разработанной программы. В рез
ультате вычислений дан-
 []


Underfull \hbox (badness 5217) in paragraph at lines 1173--1173
[]\EU1/TimesNewRoman(0)/m/n/14.4 Средний размер предло-
 []

Package babel Info: Redefining russian shorthand "|
(babel)             in language  on input line 1174.
Package babel Info: Redefining russian shorthand "~
(babel)             in language  on input line 1174.
Package babel Info: Redefining russian shorthand "|
(babel)             in language  on input line 1174.
Package babel Info: Redefining russian shorthand "~
(babel)             in language  on input line 1174.
[31]
Underfull \hbox (badness 5091) in paragraph at lines 1175--1175
[]\EU1/TimesNewRoman(0)/m/n/14.4 Больше всего предложе-
 []


Underfull \hbox (badness 10000) in paragraph at lines 1178--1178
[]\EU1/TimesNewRoman(0)/m/n/14.4 99
 []


Underfull \hbox (badness 10000) in paragraph at lines 1179--1179
[]\EU1/TimesNewRoman(0)/m/n/14.4 Максимальная длина
 []

File: irmw2lnohyper-img1.png Graphic file (type QTm)
<use  "irmw2lnohyper-img1.png" >
Package babel Info: Redefining russian shorthand "|
(babel)             in language  on input line 1211.
Package babel Info: Redefining russian shorthand "~
(babel)             in language  on input line 1211.
Package babel Info: Redefining russian shorthand "|
(babel)             in language  on input line 1211.
Package babel Info: Redefining russian shorthand "~
(babel)             in language  on input line 1211.
[32]
Overfull \hbox (4.43661pt too wide) in paragraph at lines 1212--1214
[]\EU1/TimesNewRoman(0)/m/n/14.4 В романе Ф. М. Достоевского «Идиот» был посчит
ан средний размер пред-
 []


Underfull \hbox (badness 5417) in paragraph at lines 1227--1227
[]\EU1/TimesNewRoman(0)/m/n/14.4 Средний размер предло-
 []


Underfull \hbox (badness 5288) in paragraph at lines 1229--1229
[]\EU1/TimesNewRoman(0)/m/n/14.4 Больше всего предложе-
 []


Underfull \hbox (badness 10000) in paragraph at lines 1232--1232
[]\EU1/TimesNewRoman(0)/m/n/14.4 35
 []


Underfull \hbox (badness 10000) in paragraph at lines 1233--1233
[]\EU1/TimesNewRoman(0)/m/n/14.4 Максимальная длина
 []


Underfull \hbox (badness 10000) in paragraph at lines 1236--1236
[]\EU1/TimesNewRoman(0)/m/n/14.4 1
 []

File: irmw2lnohyper-img2.png Graphic file (type QTm)
<use  "irmw2lnohyper-img2.png" >
Overfull \hbox (12.34576pt too wide) in paragraph at lines 1240--1241
[] 
 []

Package babel Info: Redefining russian shorthand "|
(babel)             in language  on input line 1242.
Package babel Info: Redefining russian shorthand "~
(babel)             in language  on input line 1242.
Package babel Info: Redefining russian shorthand "|
(babel)             in language  on input line 1242.
Package babel Info: Redefining russian shorthand "~
(babel)             in language  on input line 1242.
[33]
Package babel Info: Redefining russian shorthand "|
(babel)             in language  on input line 1263.
Package babel Info: Redefining russian shorthand "~
(babel)             in language  on input line 1263.
Package babel Info: Redefining russian shorthand "|
(babel)             in language  on input line 1263.
Package babel Info: Redefining russian shorthand "~
(babel)             in language  on input line 1263.
[34]
Underfull \hbox (badness 5417) in paragraph at lines 1274--1274
[]\EU1/TimesNewRoman(0)/m/n/14.4 Средний размер предло-
 []


Underfull \hbox (badness 5288) in paragraph at lines 1276--1276
[]\EU1/TimesNewRoman(0)/m/n/14.4 Больше всего предложе-
 []


Underfull \hbox (badness 10000) in paragraph at lines 1279--1279
[]\EU1/TimesNewRoman(0)/m/n/14.4 82
 []


Underfull \hbox (badness 10000) in paragraph at lines 1280--1280
[]\EU1/TimesNewRoman(0)/m/n/14.4 Максимальная длина
 []


Underfull \hbox (badness 10000) in paragraph at lines 1283--1283
[]\EU1/TimesNewRoman(0)/m/n/14.4 2
 []

File: irmw2lnohyper-img3.png Graphic file (type QTm)
<use  "irmw2lnohyper-img3.png" >
Overfull \hbox (12.34576pt too wide) in paragraph at lines 1286--1287
[] 
 []

Package babel Info: Redefining russian shorthand "|
(babel)             in language  on input line 1310.
Package babel Info: Redefining russian shorthand "~
(babel)             in language  on input line 1310.
Package babel Info: Redefining russian shorthand "|
(babel)             in language  on input line 1310.
Package babel Info: Redefining russian shorthand "~
(babel)             in language  on input line 1310.
[35]
Underfull \hbox (badness 5417) in paragraph at lines 1318--1318
[]\EU1/TimesNewRoman(0)/m/n/14.4 Средний размер предло-
 []


Underfull \hbox (badness 5288) in paragraph at lines 1320--1320
[]\EU1/TimesNewRoman(0)/m/n/14.4 Больше всего предложе-
 []


Underfull \hbox (badness 10000) in paragraph at lines 1323--1323
[]\EU1/TimesNewRoman(0)/m/n/14.4 25
 []


Underfull \hbox (badness 10000) in paragraph at lines 1324--1324
[]\EU1/TimesNewRoman(0)/m/n/14.4 Максимальная длина
 []


Underfull \hbox (badness 10000) in paragraph at lines 1327--1327
[]\EU1/TimesNewRoman(0)/m/n/14.4 1
 []

File: irmw2lnohyper-img4.png Graphic file (type QTm)
<use  "irmw2lnohyper-img4.png" >
Overfull \hbox (12.34576pt too wide) in paragraph at lines 1330--1331
[] 
 []

Package babel Info: Redefining russian shorthand "|
(babel)             in language  on input line 1343.
Package babel Info: Redefining russian shorthand "~
(babel)             in language  on input line 1343.
Package babel Info: Redefining russian shorthand "|
(babel)             in language  on input line 1343.
Package babel Info: Redefining russian shorthand "~
(babel)             in language  on input line 1343.
[36]
Overfull \hbox (1.68626pt too wide) in paragraph at lines 1344--1348
[]\EU1/TimesNewRoman(0)/m/n/14.4 Далее, необходимо понять, каково соотношение п
ростых и сложных пред-
 []


Overfull \hbox (2.20415pt too wide) in paragraph at lines 1349--1354
[]\EU1/TimesNewRoman(0)/m/n/14.4 Методом сплошной выборки были выявлены сложные
 предложения в тек-
 []

Package babel Info: Redefining russian shorthand "|
(babel)             in language  on input line 1389.
Package babel Info: Redefining russian shorthand "~
(babel)             in language  on input line 1389.
Package babel Info: Redefining russian shorthand "|
(babel)             in language  on input line 1389.
Package babel Info: Redefining russian shorthand "~
(babel)             in language  on input line 1389.
[37]
Overfull \hbox (0.20381pt too wide) in paragraph at lines 1403--1406
[]\EU1/TimesNewRoman(0)/m/n/14.4 Итак, наиболее часто встречающиеся предложения
 — состоящие из 2 пре-
 []


Overfull \hbox (5.76788pt too wide) in paragraph at lines 1411--1416
[]\EU1/TimesNewRoman(0)/m/n/14.4 Далее, следует рассмотреть типичные способы ос
ложнения простого пред-
 []

Package babel Info: Redefining russian shorthand "|
(babel)             in language  on input line 1460.
Package babel Info: Redefining russian shorthand "~
(babel)             in language  on input line 1460.
Package babel Info: Redefining russian shorthand "|
(babel)             in language  on input line 1460.
Package babel Info: Redefining russian shorthand "~
(babel)             in language  on input line 1460.
[38]
Package babel Info: Redefining russian shorthand "|
(babel)             in language  on input line 1516.
Package babel Info: Redefining russian shorthand "~
(babel)             in language  on input line 1516.
Package babel Info: Redefining russian shorthand "|
(babel)             in language  on input line 1516.
Package babel Info: Redefining russian shorthand "~
(babel)             in language  on input line 1516.
[39]
Overfull \hbox (4.4041pt too wide) in paragraph at lines 1543--1552
\EU1/TimesNewRoman(0)/m/n/14.4 предикативные структуры: парцеллированные констр
укции и неполные пред-
 []

Package babel Info: Redefining russian shorthand "|
(babel)             in language  on input line 1557.
Package babel Info: Redefining russian shorthand "~
(babel)             in language  on input line 1557.
Package babel Info: Redefining russian shorthand "|
(babel)             in language  on input line 1557.
Package babel Info: Redefining russian shorthand "~
(babel)             in language  on input line 1557.
[40]
Package babel Info: Redefining russian shorthand "|
(babel)             in language  on input line 1623.
Package babel Info: Redefining russian shorthand "~
(babel)             in language  on input line 1623.
Package babel Info: Redefining russian shorthand "|
(babel)             in language  on input line 1623.
Package babel Info: Redefining russian shorthand "~
(babel)             in language  on input line 1623.
[41]
Overfull \hbox (6.69948pt too wide) in paragraph at lines 1624--1632
[][][][]\EU1/TimesNewRoman(0)/m/n/14.4 58 % опрошенных представили приведенный 
фрагмент в виде [][]одного цель-
 []


Overfull \hbox (0.68813pt too wide) in paragraph at lines 1624--1632
\EU1/TimesNewRoman(0)/m/n/14.4 ного предложения[][]. Данный факт подтверждает г
рамматическую способность
 []


Overfull \hbox (46.0419pt too wide) in paragraph at lines 1638--1642
\EU1/TimesNewRoman(0)/bx/n/14.4 целлят — придаточное предложение с подчинительн
ым союзом КОГДА.[][]\EU1/TimesNewRoman(0)/m/n/14.4 Базовая
 []


Overfull \hbox (1.44836pt too wide) in paragraph at lines 1648--1655
[][]\EU1/TimesNewRoman(0)/m/n/14.4 Ф[][]ормально удовлетворяет условию I.A.2: [
][]\EU1/TimesNewRoman(0)/bx/n/14.4 «Непредставленный» парцел-
 []


Overfull \hbox (9.92099pt too wide) in paragraph at lines 1663--1671
[][]\EU1/TimesNewRoman(0)/m/n/14.4 Предложения 9—10 не являются парцеллированно
й конструкцией, несмот-
 []


Overfull \hbox (38.45284pt too wide) in paragraph at lines 1663--1671
\EU1/TimesNewRoman(0)/m/n/14.4 ется наличие в нем местоименной связи с предыдущ
им предложением ([][]\EU1/TimesNewRoman(0)/m/it/14.4 пред.9[][][][]\EU1/TimesNe
wRoman(0)/bx/n/14.4 оно[][][][]\EU1/TimesNewRoman(0)/m/n/14.4 —
 []

Package babel Info: Redefining russian shorthand "|
(babel)             in language  on input line 1684.
Package babel Info: Redefining russian shorthand "~
(babel)             in language  on input line 1684.
Package babel Info: Redefining russian shorthand "|
(babel)             in language  on input line 1684.
Package babel Info: Redefining russian shorthand "~
(babel)             in language  on input line 1684.
[42]
Overfull \hbox (12.50385pt too wide) in paragraph at lines 1724--1729
[][]\EU1/TimesNewRoman(0)/m/n/14.4 Формально удовлетворяет условию II.1: [][]\E
U1/TimesNewRoman(0)/bx/n/14.4 «Представленный» парцеллят —
 []

Package babel Info: Redefining russian shorthand "|
(babel)             in language  on input line 1732.
Package babel Info: Redefining russian shorthand "~
(babel)             in language  on input line 1732.
Package babel Info: Redefining russian shorthand "|
(babel)             in language  on input line 1732.
Package babel Info: Redefining russian shorthand "~
(babel)             in language  on input line 1732.
[43]
Overfull \hbox (36.39603pt too wide) in paragraph at lines 1737--1742
[][]\EU1/TimesNewRoman(0)/m/n/14.4 Формально удовлетворяет условию I.A.2: [][]\
EU1/TimesNewRoman(0)/bx/n/14.4 «Непредставленный» п[]арцеллят —
 []


Overfull \hbox (1.44836pt too wide) in paragraph at lines 1757--1762
[]\EU1/TimesNewRoman(0)/m/n/14.4 Формально удовлетворяет условию I.A.3: \EU1/Ti
mesNewRoman(0)/bx/n/14.4 «Непредставленный» парцел-
 []

Package babel Info: Redefining russian shorthand "|
(babel)             in language  on input line 1791.
Package babel Info: Redefining russian shorthand "~
(babel)             in language  on input line 1791.
Package babel Info: Redefining russian shorthand "|
(babel)             in language  on input line 1791.
Package babel Info: Redefining russian shorthand "~
(babel)             in language  on input line 1791.
[44]
Overfull \hbox (9.53665pt too wide) in paragraph at lines 1799--1805
[]\EU1/TimesNewRoman(0)/m/n/14.4 Формально соответствует условию II.1: []\EU1/T
imesNewRoman(0)/bx/n/14.4 «Представленный» парцеллят —
 []


Overfull \hbox (16.87025pt too wide) in paragraph at lines 1809--1816
[]\EU1/TimesNewRoman(0)/m/n/14.4 Формально удовлетворяют условию II.1: []\EU1/T
imesNewRoman(0)/bx/n/14.4 «Представленный» парцеллят —
 []


Overfull \hbox (16.87025pt too wide) in paragraph at lines 1825--1834
[]\EU1/TimesNewRoman(0)/m/n/14.4 Формально удовлетворяют условию II.2: []\EU1/T
imesNewRoman(0)/bx/n/14.4 «Представленный» парцеллят —
 []


Overfull \hbox (12.50385pt too wide) in paragraph at lines 1845--1848
[]\EU1/TimesNewRoman(0)/m/n/14.4 Формально удовлетворяет условию II.2: \EU1/Tim
esNewRoman(0)/bx/n/14.4 «Представленный» парцеллят —
 []

Package babel Info: Redefining russian shorthand "|
(babel)             in language  on input line 1860.
Package babel Info: Redefining russian shorthand "~
(babel)             in language  on input line 1860.
Package babel Info: Redefining russian shorthand "|
(babel)             in language  on input line 1860.
Package babel Info: Redefining russian shorthand "~
(babel)             in language  on input line 1860.
[45]
Overfull \hbox (1.44836pt too wide) in paragraph at lines 1865--1867
[]\EU1/TimesNewRoman(0)/m/n/14.4 Формально удовлетворяет условию I.А.3: \EU1/Ti
mesNewRoman(0)/bx/n/14.4 «Непредставленный» парцел-
 []


Overfull \hbox (7.43306pt too wide) in paragraph at lines 1869--1872
[]\EU1/TimesNewRoman(0)/m/n/14.4 Не является парцеллятом в силу невозможности э
кспериментальной транс-
 []


Overfull \hbox (0.65382pt too wide) in paragraph at lines 1904--1908
[]\EU1/TimesNewRoman(0)/m/n/14.4 Формально удовлетворяет условию I.B.1: \EU1/Ti
mesNewRoman(0)/bx/n/14.4 «Непредставленный» парцел-
 []


Overfull \hbox (6.6773pt too wide) in paragraph at lines 1913--1915
[]\EU1/TimesNewRoman(0)/bx/n/14.4 Выводы: \EU1/TimesNewRoman(0)/m/n/14.4 Для те
кста «Опера» характерны следующие синтаксические осо-
 []

Package babel Info: Redefining russian shorthand "|
(babel)             in language  on input line 1921.
Package babel Info: Redefining russian shorthand "~
(babel)             in language  on input line 1921.
Package babel Info: Redefining russian shorthand "|
(babel)             in language  on input line 1921.
Package babel Info: Redefining russian shorthand "~
(babel)             in language  on input line 1921.
[46]
Overfull \hbox (0.42892pt too wide) in paragraph at lines 1936--1937
[]\EU1/TimesNewRoman(0)/m/n/14.4 1.1. Зависимый член предложения, факультативно
 распространяющий ба-
 []

Package babel Info: Redefining russian shorthand "|
(babel)             in language  on input line 1977.
Package babel Info: Redefining russian shorthand "~
(babel)             in language  on input line 1977.
Package babel Info: Redefining russian shorthand "|
(babel)             in language  on input line 1977.
Package babel Info: Redefining russian shorthand "~
(babel)             in language  on input line 1977.
[47]
Overfull \hbox (5.61903pt too wide) in paragraph at lines 1996--2012
[][][][]\EU1/TimesNewRoman(0)/m/n/14.4 Первая глава текста[][][][]представляет 
собой[][][][]оформленный как текст драмы [][]диа-
 []

Package babel Info: Redefining russian shorthand "|
(babel)             in language  on input line 2054.
Package babel Info: Redefining russian shorthand "~
(babel)             in language  on input line 2054.
Package babel Info: Redefining russian shorthand "|
(babel)             in language  on input line 2054.
Package babel Info: Redefining russian shorthand "~
(babel)             in language  on input line 2054.
[48

]
Package babel Info: Redefining russian shorthand "|
(babel)             in language  on input line 2106.
Package babel Info: Redefining russian shorthand "~
(babel)             in language  on input line 2106.
Package babel Info: Redefining russian shorthand "|
(babel)             in language  on input line 2106.
Package babel Info: Redefining russian shorthand "~
(babel)             in language  on input line 2106.
[49]
Overfull \hbox (0.82135pt too wide) in paragraph at lines 2140--2147
[]\EU1/TimesNewRoman(0)/m/n/14.4 Подобные способы ввода персонажей позволяют им
итировать безоценоч-
 []

Package babel Info: Redefining russian shorthand "|
(babel)             in language  on input line 2164.
Package babel Info: Redefining russian shorthand "~
(babel)             in language  on input line 2164.
Package babel Info: Redefining russian shorthand "|
(babel)             in language  on input line 2164.
Package babel Info: Redefining russian shorthand "~
(babel)             in language  on input line 2164.
[50]
Package babel Info: Redefining russian shorthand "|
(babel)             in language  on input line 2183.
Package babel Info: Redefining russian shorthand "~
(babel)             in language  on input line 2183.
Package babel Info: Redefining russian shorthand "|
(babel)             in language  on input line 2183.
Package babel Info: Redefining russian shorthand "~
(babel)             in language  on input line 2183.
[51]
Package babel Info: Redefining russian shorthand "|
(babel)             in language  on input line 2244.
Package babel Info: Redefining russian shorthand "~
(babel)             in language  on input line 2244.
Package babel Info: Redefining russian shorthand "|
(babel)             in language  on input line 2244.
Package babel Info: Redefining russian shorthand "~
(babel)             in language  on input line 2244.
[52

]
Overfull \hbox (7.67491pt too wide) in paragraph at lines 2253--2267
[][]\EU1/TimesNewRoman(0)/m/n/14.4 Каминский.[] Тогда разрешите сказать о второ
й поправке. ([]Каганович.[] Учти-
 []


Overfull \hbox (47.07465pt too wide) in paragraph at lines 2273--2280
\EU1/TimesNewRoman(0)/m/n/14.4 ченко.[] Правильно, это лучше. Референдум это и 
есть всенародный опрос.[]Ворошилов.[]
 []


Overfull \hbox (5.04295pt too wide) in paragraph at lines 2311--2315
[]\EU1/TimesNewRoman(0)/m/n/14.4 «\EU1/TimesNewRoman(0)/bx/n/14.4 Неправленная 
стенограмма июльского (1964 г.) Пленума ЦК КПСС.[][][] 
 []

Package babel Info: Redefining russian shorthand "|
(babel)             in language  on input line 2316.
Package babel Info: Redefining russian shorthand "~
(babel)             in language  on input line 2316.
Package babel Info: Redefining russian shorthand "|
(babel)             in language  on input line 2316.
Package babel Info: Redefining russian shorthand "~
(babel)             in language  on input line 2316.
[53]
Package babel Info: Redefining russian shorthand "|
(babel)             in language  on input line 2371.
Package babel Info: Redefining russian shorthand "~
(babel)             in language  on input line 2371.
Package babel Info: Redefining russian shorthand "|
(babel)             in language  on input line 2371.
Package babel Info: Redefining russian shorthand "~
(babel)             in language  on input line 2371.
[54]
Package babel Info: Redefining russian shorthand "|
(babel)             in language  on input line 2416.
Package babel Info: Redefining russian shorthand "~
(babel)             in language  on input line 2416.
Package babel Info: Redefining russian shorthand "|
(babel)             in language  on input line 2416.
Package babel Info: Redefining russian shorthand "~
(babel)             in language  on input line 2416.
[55]
Package atveryend Info: Empty hook `BeforeClearDocument' on input line 2430.
Package babel Info: Redefining russian shorthand "|
(babel)             in language  on input line 2430.
Package babel Info: Redefining russian shorthand "~
(babel)             in language  on input line 2430.
Package babel Info: Redefining russian shorthand "|
(babel)             in language  on input line 2430.
Package babel Info: Redefining russian shorthand "~
(babel)             in language  on input line 2430.
[56]
Package atveryend Info: Empty hook `AfterLastShipout' on input line 2430.
(/home/tim/code/tex/irm/tex_project/irm_w2l_nohyper.aux)
Package atveryend Info: Empty hook `AtVeryEndDocument' on input line 2430.
Package atveryend Info: Empty hook `AtEndAfterFileList' on input line 2430.
Package atveryend Info: Empty hook `AtVeryVeryEnd' on input line 2430.
 ) 
Here is how much of TeX's memory you used:
 22457 strings out of 493638
 398956 string characters out of 6146796
 430360 words of memory out of 5000000
 25663 multiletter control sequences out of 15000+600000
 10567 words of font info for 70 fonts, out of 8000000 for 9000
 1328 hyphenation exceptions out of 8191
 62i,10n,63p,10420b,476s stack positions out of 5000i,500n,10000p,200000b,80000s

Output written on /home/tim/code/tex/irm/tex_project/irm_w2l_nohyper.pdf (57 pa
ges).
